<?xml version="1.0" encoding="UTF-8"?>
<!-- Generated by org.testng.reporters.JUnitXMLReporter -->
<testsuite ignored="2" hostname="LAPTOP-DU0JBF3V" failures="3" tests="24" name="Test" time="29.213" errors="0" timestamp="2025-01-10T17:03:36 IST">
  <testcase classname="testNG.TestNG6" name="a" time="0.021"/>
  <testcase classname="testNG.TestNG6" name="b" time="0.01">
    <failure type="java.lang.AssertionError" message="expected [true] but found [false]">
      <![CDATA[java.lang.AssertionError: expected [true] but found [false]
at testNG.TestNG6.b(TestNG6.java:18)
at java.base/java.util.ArrayList.forEach(ArrayList.java:1596)
... Removed 29 stack frames]]>
    </failure>
  </testcase> <!-- b -->
  <testcase classname="testNG.TestNG6" name="c" time="0.0">
    <skipped/>
  </testcase> <!-- c -->
  <testcase classname="testNG.TestNG7" name="enterData" time="10.697"/>
  <testcase classname="testNG.TestNG7" name="enterData" time="6.313">
    <failure type="java.lang.IllegalArgumentException" message="Keys to send should be a not null CharSequence">
      <![CDATA[java.lang.IllegalArgumentException: Keys to send should be a not null CharSequence
at org.openqa.selenium.remote.RemoteWebElement.sendKeys(RemoteWebElement.java:97)
at testNG.TestNG7.enterData(TestNG7.java:64)
at java.base/java.util.ArrayList.forEach(ArrayList.java:1596)
... Removed 25 stack frames]]>
    </failure>
  </testcase> <!-- enterData -->
  <testcase classname="testNG.TestNG7" name="enterData" time="6.258">
    <failure type="java.lang.IllegalArgumentException" message="Keys to send should be a not null CharSequence">
      <![CDATA[java.lang.IllegalArgumentException: Keys to send should be a not null CharSequence
at org.openqa.selenium.remote.RemoteWebElement.sendKeys(RemoteWebElement.java:97)
at testNG.TestNG7.enterData(TestNG7.java:64)
at java.base/java.util.ArrayList.forEach(ArrayList.java:1596)
... Removed 25 stack frames]]>
    </failure>
  </testcase> <!-- enterData -->
  <testcase classname="testNG.TestNG4" name="c" time="0.0"/>
  <testcase classname="testNG.TestNG4" name="d" time="0.002"/>
  <testcase classname="testNG.TestNG4" name="d" time="0.011"/>
  <testcase classname="testNG.TestNG4" name="f" time="0.009">
    <skipped/>
  </testcase> <!-- f -->
  <testcase classname="testNG.TestNG5" name="a" time="0.0"/>
  <testcase classname="testNG.TestNG5" name="c" time="0.002"/>
  <testcase classname="testNG.TestNG5" name="d" time="0.007"/>
  <testcase classname="testNG.TestNG2" name="a1" time="0.024"/>
  <testcase classname="testNG.TestNG2" name="a3" time="0.0"/>
  <testcase classname="testNG.TestNG2" name="ab" time="0.007"/>
  <testcase classname="testNG.TestNG2" name="z" time="0.009"/>
  <testcase classname="testNG.TestNG3" name="a" time="0.004"/>
  <testcase classname="testNG.TestNG3" name="c" time="0.004"/>
  <testcase classname="testNG.TestNG3" name="d" time="0.008"/>
  <testcase classname="testNG.TestNG3" name="b" time="0.0"/>
  <testcase classname="testNG.TestNG1" name="A1" time="0.004"/>
  <testcase classname="testNG.TestNG1" name="a1" time="0.004"/>
  <testcase classname="testNG.TestNG1" name="a2" time="0.007"/>
  <testcase classname="testNG.TestNG5" name="b" time="0.0">
    <ignored/>
  </testcase> <!-- b -->
  <testcase classname="testNG.TestNG4" name="b" time="0.0">
    <ignored/>
  </testcase> <!-- b -->
</testsuite> <!-- Test -->
