<?xml version="1.0" encoding="UTF-8"?>
<!-- Generated by org.testng.reporters.JUnitXMLReporter -->
<testsuite ignored="0" hostname="LAPTOP-DU0JBF3V" failures="1" tests="1" name="Test(failed)(failed)(failed)(failed)(failed)(failed)" time="15.193" errors="0" timestamp="03 Feb 2025 10:07:18 GMT">
  <testcase classname="testCases.TC004_SearchProduct" name="verify_Search_Functionality" time="10.629">
    <failure type="java.lang.NullPointerException" message="Cannot invoke &amp;quot;org.openqa.selenium.TakesScreenshot.getScreenshotAs(org.openqa.selenium.OutputType)&amp;quot; because &amp;quot;ts&amp;quot; is null">
      <![CDATA[java.lang.NullPointerException: Cannot invoke "org.openqa.selenium.TakesScreenshot.getScreenshotAs(org.openqa.selenium.OutputType)" because "ts" is null
at testCases.BaseClass.getScreenShot(BaseClass.java:85)
at testCases.TC004_SearchProduct.verify_Search_Functionality(TC004_SearchProduct.java:21)
... Removed 23 stack frames]]>
    </failure>
  </testcase> <!-- verify_Search_Functionality -->
</testsuite> <!-- Test(failed)(failed)(failed)(failed)(failed)(failed) -->
