<?xml version="1.0" encoding="UTF-8"?>
<testng-results ignored="0" total="1" passed="1" failed="0" skipped="0">
  <reporter-output>
  </reporter-output>
  <suite started-at="2025-01-23T15:27:37 IST" name="Default suite" finished-at="2025-01-23T15:27:44 IST" duration-ms="7004">
    <groups>
    </groups>
    <test started-at="2025-01-23T15:27:37 IST" name="Default test" finished-at="2025-01-23T15:27:44 IST" duration-ms="7004">
      <class name="withPageFactory.LoginTest">
        <test-method is-config="true" signature="setUp()[pri:0, instance:withPageFactory.LoginTest@1e683a3e]" started-at="2025-01-23T15:27:37 IST" name="setUp" finished-at="2025-01-23T15:27:42 IST" duration-ms="5578" status="PASS">
          <reporter-output>
          </reporter-output>
        </test-method> <!-- setUp -->
        <test-method signature="testLogin()[pri:0, instance:withPageFactory.LoginTest@1e683a3e]" started-at="2025-01-23T15:27:42 IST" name="testLogin" finished-at="2025-01-23T15:27:44 IST" duration-ms="1087" status="PASS">
          <reporter-output>
          </reporter-output>
        </test-method> <!-- testLogin -->
        <test-method is-config="true" signature="tearDown()[pri:0, instance:withPageFactory.LoginTest@1e683a3e]" started-at="2025-01-23T15:27:44 IST" name="tearDown" finished-at="2025-01-23T15:27:44 IST" duration-ms="301" status="PASS">
          <reporter-output>
          </reporter-output>
        </test-method> <!-- tearDown -->
      </class> <!-- withPageFactory.LoginTest -->
    </test> <!-- Default test -->
  </suite> <!-- Default suite -->
</testng-results>
