<?xml version="1.0" encoding="UTF-8"?>
<testsuite xmlns:xsi="http://www.w3.org/2001/XMLSchema-instance" xsi:noNamespaceSchemaLocation="https://maven.apache.org/surefire/maven-surefire-plugin/xsd/surefire-test-report-3.0.xsd" version="3.0" name="TestSuite" time="0.46" tests="6" errors="0" skipped="4" failures="2">
  <properties>
[...]
</properties>
  <testcase name="setUp" classname="testCases.TC002_LoginTest" time="0.268">
    <failure message="&#10;Parameter &apos;os&apos; is required by BeforeClass on method setUp but has not been marked @Optional or defined&#10;" type="org.testng.TestNGException"><![CDATA[org.testng.TestNGException: 

Parameter 'os' is required by BeforeClass on method setUp but has not been marked @Optional or defined

]]></failure>
  </testcase>
  <testcase name="verifyLogin" classname="testCases.TC002_LoginTest" time="0">
    <skipped message="&#10;Parameter &apos;os&apos; is required by BeforeClass on method setUp but has not been marked @Optional or defined&#10;"/>
  </testcase>
  <testcase name="tearDown" classname="testCases.TC002_LoginTest" time="0">
    <skipped/>
  </testcase>
  <testcase name="setUp" classname="testCases.TC_AccountRegistrationTest" time="0.283">
    <failure message="&#10;Parameter &apos;os&apos; is required by BeforeClass on method setUp but has not been marked @Optional or defined&#10;" type="org.testng.TestNGException"><![CDATA[org.testng.TestNGException: 

Parameter 'os' is required by BeforeClass on method setUp but has not been marked @Optional or defined

]]></failure>
  </testcase>
  <testcase name="verify_AccountRegistrayion" classname="testCases.TC_AccountRegistrationTest" time="0">
    <skipped message="&#10;Parameter &apos;os&apos; is required by BeforeClass on method setUp but has not been marked @Optional or defined&#10;"/>
  </testcase>
  <testcase name="tearDown" classname="testCases.TC_AccountRegistrationTest" time="0">
    <skipped/>
  </testcase>
</testsuite>