<?xml version="1.0" encoding="UTF-8"?>
<testng-results ignored="0" total="1" passed="1" failed="0" skipped="0">
  <reporter-output>
  </reporter-output>
  <suite started-at="2025-03-20T07:31:02Z" name="Master Suite" finished-at="2025-03-20T07:31:32Z" duration-ms="29830">
    <groups>
    </groups>
    <test started-at="2025-03-20T07:31:02Z" name="Test" finished-at="2025-03-20T07:31:32Z" duration-ms="29830">
      <class name="com.automationExercise.testCases.TC_001_HomePageTest">
        <test-method is-config="true" signature="bruteforce()[pri:0, instance:com.automationExercise.testCases.TC_001_HomePageTest@1643d68f]" started-at="2025-03-20T07:31:02Z" name="bruteforce" finished-at="2025-03-20T07:31:02Z" duration-ms="146" status="PASS">
          <reporter-output>
          </reporter-output>
        </test-method> <!-- bruteforce -->
        <test-method is-config="true" signature="setUp(java.lang.String, java.lang.String)[pri:0, instance:com.automationExercise.testCases.TC_001_HomePageTest@1643d68f]" started-at="2025-03-20T07:31:02Z" name="setUp" finished-at="2025-03-20T07:31:29Z" duration-ms="26743" status="PASS">
          <params>
            <param index="0">
              <value>
                <![CDATA[Windows]]>
              </value>
            </param>
            <param index="1">
              <value>
                <![CDATA[chrome]]>
              </value>
            </param>
          </params>
          <reporter-output>
          </reporter-output>
        </test-method> <!-- setUp -->
        <test-method signature="verifyHomePageDisplayed()[pri:0, instance:com.automationExercise.testCases.TC_001_HomePageTest@1643d68f]" started-at="2025-03-20T07:31:29Z" name="verifyHomePageDisplayed" finished-at="2025-03-20T07:31:32Z" duration-ms="2656" status="PASS">
          <reporter-output>
          </reporter-output>
        </test-method> <!-- verifyHomePageDisplayed -->
        <test-method is-config="true" signature="afterSuite()[pri:0, instance:com.automationExercise.testCases.TC_001_HomePageTest@1643d68f]" started-at="2025-03-20T07:31:33Z" name="afterSuite" finished-at="2025-03-20T07:31:34Z" duration-ms="208" status="PASS">
          <reporter-output>
          </reporter-output>
        </test-method> <!-- afterSuite -->
      </class> <!-- com.automationExercise.testCases.TC_001_HomePageTest -->
    </test> <!-- Test -->
  </suite> <!-- Master Suite -->
</testng-results>
