<?xml version="1.0" encoding="UTF-8"?>
<!-- Generated by org.testng.reporters.JUnitXMLReporter -->
<testsuite ignored="0" hostname="LAPTOP-DU0JBF3V" failures="2" tests="2" name="Test(failed)" time="7.535" errors="0" timestamp="04 Feb 2025 08:27:50 GMT">
  <testcase classname="testCases.TC_AccountRegistrationTest" name="verify_AccountRegistrayion" time="0.063">
    <failure type="java.lang.NullPointerException" message="Cannot invoke &amp;quot;org.openqa.selenium.SearchContext.findElement(org.openqa.selenium.By)&amp;quot; because &amp;quot;this.searchContext&amp;quot; is null">
      <![CDATA[java.lang.NullPointerException: Cannot invoke "org.openqa.selenium.SearchContext.findElement(org.openqa.selenium.By)" because "this.searchContext" is null
at org.openqa.selenium.support.pagefactory.DefaultElementLocator.findElement(DefaultElementLocator.java:69)
at org.openqa.selenium.support.pagefactory.internal.LocatingElementHandler.invoke(LocatingElementHandler.java:38)
at jdk.proxy2/jdk.proxy2.$Proxy14.click(Unknown Source)
at pageObjects.HomePage.clickMyAccount(HomePage.java:29)
at testCases.TC_AccountRegistrationTest.verify_AccountRegistrayion(TC_AccountRegistrationTest.java:25)
... Removed 23 stack frames]]>
    </failure>
  </testcase> <!-- verify_AccountRegistrayion -->
  <testcase classname="testCases.TC005_LoginThroghExcel" name="openCrtLogin" time="0.0">
    <failure type="org.testng.TestNGException" message="
Data Provider public void testCases.BaseClass.readDataFromExcel() throws java.lang.Exception returned a null value">
      <![CDATA[org.testng.TestNGException: 
Data Provider public void testCases.BaseClass.readDataFromExcel() throws java.lang.Exception returned a null value
... Removed 22 stack frames]]>
    </failure>
  </testcase> <!-- openCrtLogin -->
</testsuite> <!-- Test(failed) -->
